2024-09-16 00:15:42,998 - INFO - Datasets loaded successfully.
2024-09-16 00:15:46,063 - INFO - Feature engineering complete.
2024-09-16 00:16:28,466 - INFO - Preprocessing complete.
2024-09-16 00:16:28,641 - INFO - Starting Bayesian Optimization...
|   iter    |  target   | colsam... | learni... | max_depth | min_ch... | n_esti... | subsample |
-------------------------------------------------------------------------------------------------
| 1         | 0.506     | 0.5622    | 0.2857    | 8.124     | 6.388     | 162.4     | 0.578     |
| 2         | 0.4917    | 0.3407    | 0.2612    | 7.208     | 7.373     | 108.2     | 0.985     |
| 3         | 0.4932    | 0.8827    | 0.07158   | 4.273     | 2.651     | 221.7     | 0.7624    |
| 4         | 0.4901    | 0.6024    | 0.09446   | 7.283     | 2.255     | 216.9     | 0.6832    |
| 5         | 0.4929    | 0.6192    | 0.2377    | 4.398     | 5.628     | 337.0     | 0.5232    |
| 6         | 0.5157    | 0.7145    | 0.01782   | 3.634     | 2.411     | 154.5     | 0.6297    |
| 7         | 0.4945    | 1.0       | 0.2715    | 3.0       | 1.0       | 142.8     | 0.6545    |
| 8         | 0.5471    | 0.6377    | 0.01      | 3.0       | 8.465     | 154.9     | 0.8513    |
| 9         | 0.5643    | 0.3       | 0.01      | 5.177     | 10.0      | 152.6     | 0.785     |
| 10        | 0.5108    | 1.0       | 0.3       | 10.0      | 10.0      | 150.4     | 1.0       |
| 11        | 0.5816    | 0.3       | 0.01      | 3.0       | 10.0      | 150.7     | 0.5       |
| 12        | 0.5844    | 0.3       | 0.01      | 3.0       | 10.0      | 146.6     | 1.0       |
| 13        | 0.4913    | 0.4338    | 0.1748    | 3.683     | 8.274     | 471.0     | 0.9226    |
| 14        | 0.5894    | 0.3       | 0.01      | 3.0       | 10.0      | 139.7     | 0.5       |
| 15        | 0.5967    | 0.3       | 0.01      | 3.0       | 10.0      | 132.0     | 1.0       |
| 16        | 0.5634    | 0.3       | 0.01      | 10.0      | 10.0      | 131.8     | 0.5       |
| 17        | 0.4956    | 1.0       | 0.3       | 3.0       | 10.0      | 124.4     | 0.5       |
| 18        | 0.495     | 0.3       | 0.3       | 3.0       | 6.252     | 134.2     | 1.0       |
| 19        | 0.5775    | 0.3       | 0.01      | 4.709     | 10.0      | 142.8     | 0.5       |
| 20        | 0.5716    | 0.3       | 0.01      | 6.574     | 10.0      | 136.7     | 0.5       |
| 21        | 0.5429    | 1.0       | 0.01      | 5.718     | 10.0      | 131.1     | 0.5       |
| 22        | 0.5931    | 0.3       | 0.01      | 3.0       | 10.0      | 135.4     | 1.0       |
| 23        | 0.4957    | 0.3       | 0.3       | 3.0       | 6.616     | 148.3     | 0.5       |
| 24        | 0.4944    | 0.3       | 0.3       | 8.353     | 10.0      | 140.7     | 1.0       |
| 25        | 0.4939    | 1.0       | 0.3       | 3.899     | 10.0      | 137.6     | 1.0       |
| 26        | 0.4936    | 0.3703    | 0.174     | 8.903     | 9.698     | 230.3     | 0.7687    |
| 27        | 0.4928    | 0.3194    | 0.1013    | 5.093     | 5.423     | 139.3     | 0.5998    |
| 28        | 0.5076    | 0.3473    | 0.2981    | 8.055     | 3.913     | 189.4     | 0.5652    |
| 29        | 0.4929    | 0.7317    | 0.1551    | 7.775     | 5.276     | 331.1     | 0.9318    |
| 30        | 0.4924    | 0.5245    | 0.1106    | 8.751     | 9.247     | 453.9     | 0.9562    |
=================================================================================================
2024-09-16 00:18:37,480 - INFO - Training final XGBoost model...
2024-09-16 00:18:38,024 - INFO - Best XGBoost RMSE with Bayesian Optimization: 0.5995527505874634
2024-09-16 00:18:38,024 - INFO - Making predictions on test data...
2024-09-16 00:18:38,263 - INFO - Predictions saved to submission_0.5996.csv